# JRE version: OpenJDK Runtime Environment (11.0.13) (build 11.0.13+0-b1751.21-8125866)
# Java VM: OpenJDK 64-Bit Server VM (11.0.13+0-b1751.21-8125866, mixed mode, tiered, compressed oops, g1 gc, windows-amd64)
Heap:
 garbage-first heap   total 260096K, used 213483K [0x0000000080000000, 0x0000000100000000)
  region size 1024K, 18 young (18432K), 4 survivors (4096K)
 Metaspace       used 151098K, capacity 155431K, committed 156904K, reserved 1185792K
  class space    used 18553K, capacity 20161K, committed 20536K, reserved 1048576K
GC Heap History (20 events):
Event: 4827.045 GC heap after
{Heap after GC invocations=48 (full 0):
 garbage-first heap   total 260096K, used 206415K [0x0000000080000000, 0x0000000100000000)
  region size 1024K, 4 young (4096K), 4 survivors (4096K)
 Metaspace       used 145361K, capacity 150293K, committed 150504K, reserved 1179648K
  class space    used 18152K, capacity 19948K, committed 20024K, reserved 1048576K
}
Event: 4827.503 GC heap before
{Heap before GC invocations=49 (full 0):
 garbage-first heap   total 260096K, used 228943K [0x0000000080000000, 0x0000000100000000)
  region size 1024K, 19 young (19456K), 4 survivors (4096K)
 Metaspace       used 144857K, capacity 149172K, committed 150760K, reserved 1179648K
  class space    used 17997K, capacity 19608K, committed 20024K, reserved 1048576K
}
Event: 4827.515 GC heap after
{Heap after GC invocations=50 (full 0):
 garbage-first heap   total 260096K, used 208756K [0x0000000080000000, 0x0000000100000000)
  region size 1024K, 2 young (2048K), 2 survivors (2048K)
 Metaspace       used 144857K, capacity 149172K, committed 150760K, reserved 1179648K
  class space    used 17997K, capacity 19608K, committed 20024K, reserved 1048576K
}
Event: 4827.713 GC heap before
{Heap before GC invocations=50 (full 0):
 garbage-first heap   total 260096K, used 218996K [0x0000000080000000, 0x0000000100000000)
  region size 1024K, 12 young (12288K), 2 survivors (2048K)
 Metaspace       used 144893K, capacity 149236K, committed 150760K, reserved 1179648K
  class space    used 17997K, capacity 19608K, committed 20024K, reserved 1048576K
}
Event: 4827.735 GC heap after
{Heap after GC invocations=51 (full 0):
 garbage-first heap   total 260096K, used 194312K [0x0000000080000000, 0x0000000100000000)
  region size 1024K, 2 young (2048K), 2 survivors (2048K)
 Metaspace       used 144893K, capacity 149236K, committed 150760K, reserved 1179648K
  class space    used 17997K, capacity 19608K, committed 20024K, reserved 1048576K
}
Event: 4827.939 GC heap before
{Heap before GC invocations=51 (full 0):
 garbage-first heap   total 260096K, used 204552K [0x0000000080000000, 0x0000000100000000)
  region size 1024K, 12 young (12288K), 2 survivors (2048K)
 Metaspace       used 144930K, capacity 149304K, committed 150760K, reserved 1179648K
  class space    used 17999K, capacity 19609K, committed 20024K, reserved 1048576K
}
Event: 4827.956 GC heap after
{Heap after GC invocations=52 (full 0):
 garbage-first heap   total 260096K, used 188164K [0x0000000080000000, 0x0000000100000000)
  region size 1024K, 2 young (2048K), 2 survivors (2048K)
 Metaspace       used 144930K, capacity 149304K, committed 150760K, reserved 1179648K
  class space    used 17999K, capacity 19609K, committed 20024K, reserved 1048576K
}
Event: 4828.279 GC heap before
{Heap before GC invocations=52 (full 0):
 garbage-first heap   total 260096K, used 227076K [0x0000000080000000, 0x0000000100000000)
  region size 1024K, 24 young (24576K), 2 survivors (2048K)
 Metaspace       used 145222K, capacity 149585K, committed 151016K, reserved 1179648K
  class space    used 18019K, capacity 19651K, committed 20024K, reserved 1048576K
}
Event: 4828.286 GC heap after
{Heap after GC invocations=53 (full 0):
 garbage-first heap   total 260096K, used 189846K [0x0000000080000000, 0x0000000100000000)
  region size 1024K, 3 young (3072K), 3 survivors (3072K)
 Metaspace       used 145222K, capacity 149585K, committed 151016K, reserved 1179648K
  class space    used 18019K, capacity 19651K, committed 20024K, reserved 1048576K
}
Event: 4828.419 GC heap before
{Heap before GC invocations=53 (full 0):
 garbage-first heap   total 260096K, used 213398K [0x0000000080000000, 0x0000000100000000)
  region size 1024K, 27 young (27648K), 3 survivors (3072K)
 Metaspace       used 146083K, capacity 150446K, committed 151912K, reserved 1181696K
  class space    used 18090K, capacity 19716K, committed 20152K, reserved 1048576K
}
Event: 4828.426 GC heap after
{Heap after GC invocations=54 (full 0):
 garbage-first heap   total 260096K, used 194068K [0x0000000080000000, 0x0000000100000000)
  region size 1024K, 4 young (4096K), 4 survivors (4096K)
 Metaspace       used 146083K, capacity 150446K, committed 151912K, reserved 1181696K
  class space    used 18090K, capacity 19716K, committed 20152K, reserved 1048576K
}
Event: 4828.628 GC heap before
{Heap before GC invocations=54 (full 0):
 garbage-first heap   total 260096K, used 215572K [0x0000000080000000, 0x0000000100000000)
  region size 1024K, 26 young (26624K), 4 survivors (4096K)
 Metaspace       used 148208K, capacity 152590K, committed 154088K, reserved 1183744K
  class space    used 18272K, capacity 19876K, committed 20280K, reserved 1048576K
}
Event: 4828.633 GC heap after
{Heap after GC invocations=55 (full 0):
 garbage-first heap   total 260096K, used 196344K [0x0000000080000000, 0x0000000100000000)
  region size 1024K, 3 young (3072K), 3 survivors (3072K)
 Metaspace       used 148208K, capacity 152590K, committed 154088K, reserved 1183744K
  class space    used 18272K, capacity 19876K, committed 20280K, reserved 1048576K
}
Event: 4828.743 GC heap before
{Heap before GC invocations=55 (full 0):
 garbage-first heap   total 260096K, used 217848K [0x0000000080000000, 0x0000000100000000)
  region size 1024K, 25 young (25600K), 3 survivors (3072K)
 Metaspace       used 148579K, capacity 152958K, committed 154344K, reserved 1183744K
  class space    used 18308K, capacity 19914K, committed 20280K, reserved 1048576K
}
Event: 4828.747 GC heap after
{Heap after GC invocations=56 (full 0):
 garbage-first heap   total 260096K, used 196660K [0x0000000080000000, 0x0000000100000000)
  region size 1024K, 3 young (3072K), 3 survivors (3072K)
 Metaspace       used 148579K, capacity 152958K, committed 154344K, reserved 1183744K
  class space    used 18308K, capacity 19914K, committed 20280K, reserved 1048576K
}
Event: 4828.835 GC heap before
{Heap before GC invocations=56 (full 0):
 garbage-first heap   total 260096K, used 219188K [0x0000000080000000, 0x0000000100000000)
  region size 1024K, 26 young (26624K), 3 survivors (3072K)
 Metaspace       used 149208K, capacity 153537K, committed 154984K, reserved 1183744K
  class space    used 18355K, capacity 19979K, committed 20408K, reserved 1048576K
}
Event: 4828.841 GC heap after
{Heap after GC invocations=57 (full 0):
 garbage-first heap   total 260096K, used 197016K [0x0000000080000000, 0x0000000100000000)
  region size 1024K, 2 young (2048K), 2 survivors (2048K)
 Metaspace       used 149208K, capacity 153537K, committed 154984K, reserved 1183744K
  class space    used 18355K, capacity 19979K, committed 20408K, reserved 1048576K
}
Event: 4828.981 GC heap before
{Heap before GC invocations=57 (full 0):
 garbage-first heap   total 260096K, used 220568K [0x0000000080000000, 0x0000000100000000)
  region size 1024K, 26 young (26624K), 2 survivors (2048K)
 Metaspace       used 150030K, capacity 154361K, committed 155752K, reserved 1185792K
  class space    used 18452K, capacity 20083K, committed 20408K, reserved 1048576K
}
Event: 4828.987 GC heap after
{Heap after GC invocations=58 (full 0):
 garbage-first heap   total 260096K, used 197984K [0x0000000080000000, 0x0000000100000000)
  region size 1024K, 3 young (3072K), 3 survivors (3072K)
 Metaspace       used 150030K, capacity 154361K, committed 155752K, reserved 1185792K
  class space    used 18452K, capacity 20083K, committed 20408K, reserved 1048576K
}
Event: 4829.157 GC heap before
{Heap before GC invocations=58 (full 0):
 garbage-first heap   total 260096K, used 222560K [0x0000000080000000, 0x0000000100000000)
  region size 1024K, 27 young (27648K), 3 survivors (3072K)
 Metaspace       used 150688K, capacity 155067K, committed 156392K, reserved 1185792K
  class space    used 18514K, capacity 20125K, committed 20536K, reserved 1048576K
}

